[debug] [2023-03-12T19:09:12.716Z] ----------------------------------------------------------------------
[debug] [2023-03-12T19:09:12.718Z] Command:       /usr/local/bin/node /usr/local/bin/firebase deploy
[debug] [2023-03-12T19:09:12.718Z] CLI Version:   11.14.4
[debug] [2023-03-12T19:09:12.718Z] Platform:      darwin
[debug] [2023-03-12T19:09:12.718Z] Node Version:  v16.15.0
[debug] [2023-03-12T19:09:12.719Z] Time:          Sun Mar 12 2023 22:09:12 GMT+0300 (Arabian Standard Time)
[debug] [2023-03-12T19:09:12.720Z] ----------------------------------------------------------------------
[debug] 
[debug] [2023-03-12T19:09:12.822Z] > command requires scopes: ["email","openid","https://www.googleapis.com/auth/cloudplatformprojects.readonly","https://www.googleapis.com/auth/firebase","https://www.googleapis.com/auth/cloud-platform"]
[debug] [2023-03-12T19:09:12.823Z] > authorizing via signed-in user (imadk727@gmail.com)
[debug] [2023-03-12T19:09:12.823Z] [iam] checking project food-delivery-app-e4138 for permissions ["firebase.projects.get","firebasehosting.sites.update"]
[debug] [2023-03-12T19:09:12.825Z] >>> [apiv2][query] POST https://cloudresourcemanager.googleapis.com/v1/projects/food-delivery-app-e4138:testIamPermissions [none]
[debug] [2023-03-12T19:09:12.825Z] >>> [apiv2][(partial)header] POST https://cloudresourcemanager.googleapis.com/v1/projects/food-delivery-app-e4138:testIamPermissions x-goog-quota-user=projects/food-delivery-app-e4138
[debug] [2023-03-12T19:09:12.825Z] >>> [apiv2][body] POST https://cloudresourcemanager.googleapis.com/v1/projects/food-delivery-app-e4138:testIamPermissions {"permissions":["firebase.projects.get","firebasehosting.sites.update"]}
[debug] [2023-03-12T19:09:14.620Z] <<< [apiv2][status] POST https://cloudresourcemanager.googleapis.com/v1/projects/food-delivery-app-e4138:testIamPermissions 200
[debug] [2023-03-12T19:09:14.620Z] <<< [apiv2][body] POST https://cloudresourcemanager.googleapis.com/v1/projects/food-delivery-app-e4138:testIamPermissions {}
[debug] [2023-03-12T19:09:14.621Z] [iam] error while checking permissions, command may fail: FirebaseError: Authorization failed. This account is missing the following required permissions on project food-delivery-app-e4138:

  firebase.projects.get
  firebasehosting.sites.update
[debug] [2023-03-12T19:09:14.621Z] >>> [apiv2][query] GET https://firebase.googleapis.com/v1beta1/projects/food-delivery-app-e4138 [none]
[debug] [2023-03-12T19:09:15.283Z] <<< [apiv2][status] GET https://firebase.googleapis.com/v1beta1/projects/food-delivery-app-e4138 403
[debug] [2023-03-12T19:09:15.284Z] <<< [apiv2][body] GET https://firebase.googleapis.com/v1beta1/projects/food-delivery-app-e4138 {"error":{"code":403,"message":"The caller does not have permission","status":"PERMISSION_DENIED"}}
[debug] [2023-03-12T19:09:15.286Z] HTTP Error: 403, The caller does not have permission
[debug] [2023-03-12T19:09:15.745Z] FirebaseError: HTTP Error: 403, The caller does not have permission
    at responseToError (/usr/local/lib/node_modules/firebase-tools/lib/responseToError.js:49:12)
    at RetryOperation._fn (/usr/local/lib/node_modules/firebase-tools/lib/apiv2.js:288:77)
    at processTicksAndRejections (node:internal/process/task_queues:96:5)
[error] 
[error] Error: Failed to get Firebase project food-delivery-app-e4138. Please make sure the project exists and your account has permission to access it.
